C:\Users\manager\Documents\GitHub\artemis-keithley-interface\Debug\cl.command.1.tlog
C:\Users\manager\Documents\GitHub\artemis-keithley-interface\Debug\CL.read.1.tlog
C:\Users\manager\Documents\GitHub\artemis-keithley-interface\Debug\CL.write.1.tlog
C:\USERS\MANAGER\DOCUMENTS\GITHUB\ARTEMIS-KEITHLEY-INTERFACE\DEBUG\GUI.OBJ
C:\USERS\MANAGER\DOCUMENTS\GITHUB\ARTEMIS-KEITHLEY-INTERFACE\DEBUG\KEITHLEY_FUNCTIONS.OBJ
C:\Users\manager\Documents\GitHub\artemis-keithley-interface\Debug\Kiethley 2410 Controller.exe.embed.manifest
C:\USERS\MANAGER\DOCUMENTS\GITHUB\ARTEMIS-KEITHLEY-INTERFACE\DEBUG\KIETHLEY 2410 CONTROLLER.EXE.EMBED.MANIFEST.RES
C:\Users\manager\Documents\GitHub\artemis-keithley-interface\Debug\Kiethley 2410 Controller.exe.intermediate.manifest
C:\Users\manager\Documents\GitHub\artemis-keithley-interface\Debug\Kiethley 2410 Controller.vcxprojResolveAssemblyReference.cache
C:\Users\manager\Documents\GitHub\artemis-keithley-interface\Debug\Kiethley 2410 Controller.write.1.tlog
C:\Users\manager\Documents\GitHub\artemis-keithley-interface\Debug\Kiethley 2410 Controller_manifest.rc
C:\Users\manager\Documents\GitHub\artemis-keithley-interface\Debug\link.command.1.tlog
C:\Users\manager\Documents\GitHub\artemis-keithley-interface\Debug\link.read.1.tlog
C:\Users\manager\Documents\GitHub\artemis-keithley-interface\Debug\link.write.1.tlog
C:\USERS\MANAGER\DOCUMENTS\GITHUB\ARTEMIS-KEITHLEY-INTERFACE\DEBUG\MYMAIN.OBJ
C:\Users\manager\Documents\GitHub\artemis-keithley-interface\Debug\rc.command.1.tlog
C:\Users\manager\Documents\GitHub\artemis-keithley-interface\Debug\rc.read.1.tlog
C:\Users\manager\Documents\GitHub\artemis-keithley-interface\Debug\rc.write.1.tlog
C:\Users\manager\Documents\GitHub\artemis-keithley-interface\Debug\vc100.idb
C:\USERS\MANAGER\DOCUMENTS\GITHUB\ARTEMIS-KEITHLEY-INTERFACE\DEBUG\VC100.PDB
